<?xml version="1.0" encoding="UTF-8"?>
<!-- Generated by org.testng.reporters.JUnitReportReporter -->
<testsuite skipped="0" hostname="DESKTOP-T7GAKR6" name="com.epam.lab.gmail.GmailTest" tests="6" failures="0" timestamp="20 лип. 2017 20:39:09 GMT" time="44.381" errors="0">
  <testcase name="deleteMarcked" time="0.429" classname="com.epam.lab.gmail.GmailTest"/>
  <testcase name="login" time="6.643" classname="com.epam.lab.gmail.GmailTest"/>
  <testcase name="markMessagesToImportant" time="14.906" classname="com.epam.lab.gmail.GmailTest"/>
  <testcase name="markRecentlyAdedToImportant" time="0.771" classname="com.epam.lab.gmail.GmailTest"/>
  <testcase name="chekIfMessagesWhereMarkedImportant" time="9.647" classname="com.epam.lab.gmail.GmailTest"/>
  <testcase name="chekIfDeleted" time="11.985" classname="com.epam.lab.gmail.GmailTest"/>
</testsuite> <!-- com.epam.lab.gmail.GmailTest -->
