<?xml version="1.0" encoding="UTF-8"?>
<!-- Generated by org.testng.reporters.JUnitReportReporter -->
<testsuite skipped="0" hostname="DESKTOP-T7GAKR6" name="com.epam.lab.gmail.GmailTest" tests="1" failures="0" timestamp="21 лип. 2017 09:28:25 GMT" time="30.667" errors="0">
  <testcase name="markMessagesToImportantAndDelete" time="30.667" classname="com.epam.lab.gmail.GmailTest"/>
</testsuite> <!-- com.epam.lab.gmail.GmailTest -->
